<?xml version="1.0" encoding="UTF-8"?>
<!-- Generated by org.testng.reporters.JUnitReportReporter -->
<testsuite hostname="DESKTOP-834EPH1" failures="0" tests="1" name="E2EProject.RegisterTest2" time="68.673" errors="0" timestamp="2022-11-10T09:55:32 IST" skipped="0">
  <testcase classname="E2EProject.RegisterTest2" name="registratin" time="68.673"/>
  <system-out/>
</testsuite> <!-- E2EProject.RegisterTest2 -->
