<?xml version="1.0" encoding="UTF-8"?>
<!-- Generated by org.testng.reporters.JUnitReportReporter -->
<testsuite hostname="DESKTOP-834EPH1" failures="0" tests="1" name="E2EProject.RegisterTest3" time="43.065" errors="0" timestamp="2022-11-10T12:11:15 IST" skipped="0">
  <testcase classname="E2EProject.RegisterTest3" name="registratin" time="43.065"/>
  <system-out/>
</testsuite> <!-- E2EProject.RegisterTest3 -->
