<?xml version="1.0" encoding="UTF-8"?>
<!-- Generated by org.testng.reporters.JUnitReportReporter -->
<testsuite hostname="DESKTOP-834EPH1" failures="0" tests="1" name="E2EProject.Validation" time="17.089" errors="0" timestamp="2022-11-10T13:20:38 IST" skipped="0">
  <testcase classname="E2EProject.Validation" name="registratin" time="17.089"/>
  <system-out/>
</testsuite> <!-- E2EProject.Validation -->
