<?xml version="1.0" encoding="UTF-8"?>
<!-- Generated by org.testng.reporters.JUnitReportReporter -->
<testsuite hostname="DESKTOP-834EPH1" failures="0" tests="1" name="E2EProject.RegisterTest" time="14.831" errors="0" timestamp="2022-11-09T17:25:09 IST" skipped="0">
  <testcase classname="E2EProject.RegisterTest" name="registratin" time="14.831"/>
  <system-out/>
</testsuite> <!-- E2EProject.RegisterTest -->
